<?xml version="1.0" encoding="UTF-8"?>
<!-- Generated by org.testng.reporters.JUnitReportReporter -->
<testsuite hostname="CARMMJ2CSDC2" failures="1" tests="5" name="com.maximus.qicportaltestautomation.qic_zz_tests.UploadAdditionalInfoFunctionalTests" time="12.985" errors="1" timestamp="05 Nov 2019 22:28:11 GMT" skipped="0">
  <testcase classname="com.maximus.qicportaltestautomation.qic_zz_tests.UploadAdditionalInfoFunctionalTests" name="testQicAppealNumberFieldIsRequiredValidation" time="1.426"/>
  <testcase classname="com.maximus.qicportaltestautomation.qic_zz_tests.UploadAdditionalInfoFunctionalTests" name="testProjectFieldIsRequiredValidation" time="0.122">
    <error message="unknown error: Element &lt;input aria-label=&quot;QIC Appeal Number&quot; tabindex=&quot;110&quot; class=&quot;form-control ng-pristine ng-untouched ng-valid ng-valid-maxlength&quot; maxlength=&quot;14&quot; name=&quot;qicAppealNumber&quot; id=&quot;qicAppealNumber&quot; ng-model=&quot;AddtnlInfo.data.qicAppealNumber&quot; mask=&quot;9-999999999999999&quot; restrict=&quot;accept&quot; mask-clean=&quot;true&quot; aria-invalid=&quot;false&quot;&gt; is not clickable at point (224, 549). Other element would receive the click: &lt;div class=&quot;block-ui-overlay&quot;&gt;&lt;/div&gt;
  (Session info: chrome=75.0.3770.100)
  (Driver info: chromedriver=2.42.591088 (7b2b2dca23cca0862f674758c9a3933e685c27d5),platform=Windows NT 10.0.17134 x86_64) (WARNING: The server did not provide any stacktrace information)
Command duration or timeout: 0 milliseconds
Build info: version: &#039;3.11.0&#039;, revision: &#039;e59cfb3&#039;, time: &#039;2018-03-11T20:26:55.152Z&#039;
System info: host: &#039;CARMMJ2CSDC2&#039;, ip: &#039;10.210.35.27&#039;, os.name: &#039;Windows 10&#039;, os.arch: &#039;amd64&#039;, os.version: &#039;10.0&#039;, java.version: &#039;11&#039;
Driver info: org.openqa.selenium.chrome.ChromeDriver
Capabilities {acceptInsecureCerts: false, acceptSslCerts: false, applicationCacheEnabled: false, browserConnectionEnabled: false, browserName: chrome, chrome: {chromedriverVersion: 2.42.591088 (7b2b2dca23cca0..., userDataDir: C:\Users\131039\AppData\Loc...}, cssSelectorsEnabled: true, databaseEnabled: false, goog:chromeOptions: {debuggerAddress: localhost:57010}, handlesAlerts: true, hasTouchScreen: false, javascriptEnabled: true, locationContextEnabled: true, mobileEmulationEnabled: false, nativeEvents: true, networkConnectionEnabled: false, pageLoadStrategy: normal, platform: XP, platformName: XP, rotatable: false, setWindowRect: true, takesHeapSnapshot: true, takesScreenshot: true, unexpectedAlertBehaviour: , unhandledPromptBehavior: , version: 75.0.3770.100, webStorageEnabled: true}
Session ID: 775a3c13c5c80f731c19ea35a5832ad1" type="org.openqa.selenium.WebDriverException">
      <![CDATA[org.openqa.selenium.WebDriverException: unknown error: Element <input aria-label="QIC Appeal Number" tabindex="110" class="form-control ng-pristine ng-untouched ng-valid ng-valid-maxlength" maxlength="14" name="qicAppealNumber" id="qicAppealNumber" ng-model="AddtnlInfo.data.qicAppealNumber" mask="9-999999999999999" restrict="accept" mask-clean="true" aria-invalid="false"> is not clickable at point (224, 549). Other element would receive the click: <div class="block-ui-overlay"></div>
  (Session info: chrome=75.0.3770.100)
  (Driver info: chromedriver=2.42.591088 (7b2b2dca23cca0862f674758c9a3933e685c27d5),platform=Windows NT 10.0.17134 x86_64) (WARNING: The server did not provide any stacktrace information)
Command duration or timeout: 0 milliseconds
Build info: version: '3.11.0', revision: 'e59cfb3', time: '2018-03-11T20:26:55.152Z'
System info: host: 'CARMMJ2CSDC2', ip: '10.210.35.27', os.name: 'Windows 10', os.arch: 'amd64', os.version: '10.0', java.version: '11'
Driver info: org.openqa.selenium.chrome.ChromeDriver
Capabilities {acceptInsecureCerts: false, acceptSslCerts: false, applicationCacheEnabled: false, browserConnectionEnabled: false, browserName: chrome, chrome: {chromedriverVersion: 2.42.591088 (7b2b2dca23cca0..., userDataDir: C:\Users\131039\AppData\Loc...}, cssSelectorsEnabled: true, databaseEnabled: false, goog:chromeOptions: {debuggerAddress: localhost:57010}, handlesAlerts: true, hasTouchScreen: false, javascriptEnabled: true, locationContextEnabled: true, mobileEmulationEnabled: false, nativeEvents: true, networkConnectionEnabled: false, pageLoadStrategy: normal, platform: XP, platformName: XP, rotatable: false, setWindowRect: true, takesHeapSnapshot: true, takesScreenshot: true, unexpectedAlertBehaviour: , unhandledPromptBehavior: , version: 75.0.3770.100, webStorageEnabled: true}
Session ID: 775a3c13c5c80f731c19ea35a5832ad1
at java.base/jdk.internal.reflect.NativeConstructorAccessorImpl.newInstance0(Native Method)
at java.base/jdk.internal.reflect.NativeConstructorAccessorImpl.newInstance(NativeConstructorAccessorImpl.java:62)
at java.base/jdk.internal.reflect.DelegatingConstructorAccessorImpl.newInstance(DelegatingConstructorAccessorImpl.java:45)
at java.base/java.lang.reflect.Constructor.newInstance(Constructor.java:490)
at org.openqa.selenium.remote.ErrorHandler.createThrowable(ErrorHandler.java:214)
at org.openqa.selenium.remote.ErrorHandler.throwIfResponseFailed(ErrorHandler.java:166)
at org.openqa.selenium.remote.http.JsonHttpResponseCodec.reconstructValue(JsonHttpResponseCodec.java:40)
at org.openqa.selenium.remote.http.AbstractHttpResponseCodec.decode(AbstractHttpResponseCodec.java:80)
at org.openqa.selenium.remote.http.AbstractHttpResponseCodec.decode(AbstractHttpResponseCodec.java:44)
at org.openqa.selenium.remote.HttpCommandExecutor.execute(HttpCommandExecutor.java:158)
at org.openqa.selenium.remote.service.DriverCommandExecutor.execute(DriverCommandExecutor.java:83)
at org.openqa.selenium.remote.RemoteWebDriver.execute(RemoteWebDriver.java:545)
at org.openqa.selenium.remote.RemoteWebElement.execute(RemoteWebElement.java:279)
at org.openqa.selenium.remote.RemoteWebElement.click(RemoteWebElement.java:83)
at com.maximus.qicportaltestautomation.qic_app_manager.Utils.click(Utils.java:126)
at com.maximus.qicportaltestautomation.qic_app_manager.Utils.clearAndType(Utils.java:320)
at com.maximus.qicportaltestautomation.qic_project_upload_additional_info.FillOutUploadAdditionalInfo.enterQicAppealNumber(FillOutUploadAdditionalInfo.java:66)
at com.maximus.qicportaltestautomation.qic_zz_tests.UploadAdditionalInfoFunctionalTests.testProjectFieldIsRequiredValidation(UploadAdditionalInfoFunctionalTests.java:87)
at java.base/jdk.internal.reflect.NativeMethodAccessorImpl.invoke0(Native Method)
at java.base/jdk.internal.reflect.NativeMethodAccessorImpl.invoke(NativeMethodAccessorImpl.java:62)
at java.base/jdk.internal.reflect.DelegatingMethodAccessorImpl.invoke(DelegatingMethodAccessorImpl.java:43)
at java.base/java.lang.reflect.Method.invoke(Method.java:566)
at org.testng.internal.MethodInvocationHelper.invokeMethod(MethodInvocationHelper.java:124)
at org.testng.internal.Invoker.invokeMethod(Invoker.java:583)
at org.testng.internal.Invoker.invokeTestMethod(Invoker.java:719)
at org.testng.internal.Invoker.invokeTestMethods(Invoker.java:989)
at org.testng.internal.TestMethodWorker.invokeTestMethods(TestMethodWorker.java:125)
at org.testng.internal.TestMethodWorker.run(TestMethodWorker.java:109)
at org.testng.TestRunner.privateRun(TestRunner.java:648)
at org.testng.TestRunner.run(TestRunner.java:505)
at org.testng.SuiteRunner.runTest(SuiteRunner.java:455)
at org.testng.SuiteRunner.runSequentially(SuiteRunner.java:450)
at org.testng.SuiteRunner.privateRun(SuiteRunner.java:415)
at org.testng.SuiteRunner.run(SuiteRunner.java:364)
at org.testng.SuiteRunnerWorker.runSuite(SuiteRunnerWorker.java:52)
at org.testng.SuiteRunnerWorker.run(SuiteRunnerWorker.java:84)
at org.testng.TestNG.runSuitesSequentially(TestNG.java:1208)
at org.testng.TestNG.runSuitesLocally(TestNG.java:1137)
at org.testng.TestNG.runSuites(TestNG.java:1049)
at org.testng.TestNG.run(TestNG.java:1017)
at org.testng.remote.AbstractRemoteTestNG.run(AbstractRemoteTestNG.java:115)
at org.testng.remote.RemoteTestNG.initAndRun(RemoteTestNG.java:251)
at org.testng.remote.RemoteTestNG.main(RemoteTestNG.java:77)
]]>
    </error>
  </testcase> <!-- testProjectFieldIsRequiredValidation -->
  <testcase classname="com.maximus.qicportaltestautomation.qic_zz_tests.UploadAdditionalInfoFunctionalTests" name="testUploadAdditionalInfoRequiredFieldsValidation" time="1.074"/>
  <testcase classname="com.maximus.qicportaltestautomation.qic_zz_tests.UploadAdditionalInfoFunctionalTests" name="testDocumentIsRequiredValidation" time="1.773"/>
  <testcase classname="com.maximus.qicportaltestautomation.qic_zz_tests.UploadAdditionalInfoFunctionalTests" name="testUploadAdditionalInfoPdf" time="8.590">
    <failure message="expected [AdditionalInfoUploadData{submissionDate=&#039;Tue Nov 05, 2019 at time 5:28 PM ET&#039;, submissionTempId=&#039;A19-00001432&#039;, qicProject=&#039;string:QC&#039;, qicAppealNumber=&#039;3-203030982&#039;, qicPortalTempId=&#039;A18-00000501&#039;, submitterName=&#039;null&#039;, submitterAddress1=&#039;null&#039;, submitterAddress2=&#039;null&#039;, submitterCity=&#039;null&#039;, submitterState=&#039;null&#039;, submitterZip=&#039;null&#039;, submitterPhone=&#039;null&#039;, submitterFax=&#039;null&#039;, submitterEmail=&#039;null&#039;, briefDescription=&#039;Thisistestdescription,whichwasenteredon11-05-201914-28-02&#039;}] but found [AdditionalInfoUploadData{submissionDate=&#039;Tue Nov 05, 2019 at time 5:28 PM ET&#039;, submissionTempId=&#039;A19-00001432&#039;, qicProject=&#039;Part C&#039;, qicAppealNumber=&#039;3-203030982&#039;, qicPortalTempId=&#039;A18-00000501&#039;, submitterName=&#039;GinuJohn&#039;, submitterAddress1=&#039;123longstreet&#039;, submitterAddress2=&#039;&#039;, submitterCity=&#039;Milpitas&#039;, submitterState=&#039;CA&#039;, submitterZip=&#039;123123123&#039;, submitterPhone=&#039;4086444905&#039;, submitterFax=&#039;2342342342&#039;, submitterEmail=&#039;johngeethu+qicportal@gmail.com&#039;, briefDescription=&#039;Thisistestdescription,whichwasenteredon11-05-201914-28-02&#039;}]" type="java.lang.AssertionError">
      <![CDATA[java.lang.AssertionError: expected [AdditionalInfoUploadData{submissionDate='Tue Nov 05, 2019 at time 5:28 PM ET', submissionTempId='A19-00001432', qicProject='string:QC', qicAppealNumber='3-203030982', qicPortalTempId='A18-00000501', submitterName='null', submitterAddress1='null', submitterAddress2='null', submitterCity='null', submitterState='null', submitterZip='null', submitterPhone='null', submitterFax='null', submitterEmail='null', briefDescription='Thisistestdescription,whichwasenteredon11-05-201914-28-02'}] but found [AdditionalInfoUploadData{submissionDate='Tue Nov 05, 2019 at time 5:28 PM ET', submissionTempId='A19-00001432', qicProject='Part C', qicAppealNumber='3-203030982', qicPortalTempId='A18-00000501', submitterName='GinuJohn', submitterAddress1='123longstreet', submitterAddress2='', submitterCity='Milpitas', submitterState='CA', submitterZip='123123123', submitterPhone='4086444905', submitterFax='2342342342', submitterEmail='johngeethu+qicportal@gmail.com', briefDescription='Thisistestdescription,whichwasenteredon11-05-201914-28-02'}]
at org.testng.Assert.fail(Assert.java:96)
at org.testng.Assert.failNotEquals(Assert.java:776)
at org.testng.Assert.assertEqualsImpl(Assert.java:137)
at org.testng.Assert.assertEquals(Assert.java:118)
at org.testng.Assert.assertEquals(Assert.java:442)
at com.maximus.qicportaltestautomation.qic_zz_tests.UploadAdditionalInfoFunctionalTests.testUploadAdditionalInfoPdf(UploadAdditionalInfoFunctionalTests.java:49)
at java.base/jdk.internal.reflect.NativeMethodAccessorImpl.invoke0(Native Method)
at java.base/jdk.internal.reflect.NativeMethodAccessorImpl.invoke(NativeMethodAccessorImpl.java:62)
at java.base/jdk.internal.reflect.DelegatingMethodAccessorImpl.invoke(DelegatingMethodAccessorImpl.java:43)
at java.base/java.lang.reflect.Method.invoke(Method.java:566)
at org.testng.internal.MethodInvocationHelper.invokeMethod(MethodInvocationHelper.java:124)
at org.testng.internal.Invoker.invokeMethod(Invoker.java:583)
at org.testng.internal.Invoker.invokeTestMethod(Invoker.java:719)
at org.testng.internal.Invoker.invokeTestMethods(Invoker.java:989)
at org.testng.internal.TestMethodWorker.invokeTestMethods(TestMethodWorker.java:125)
at org.testng.internal.TestMethodWorker.run(TestMethodWorker.java:109)
at org.testng.TestRunner.privateRun(TestRunner.java:648)
at org.testng.TestRunner.run(TestRunner.java:505)
at org.testng.SuiteRunner.runTest(SuiteRunner.java:455)
at org.testng.SuiteRunner.runSequentially(SuiteRunner.java:450)
at org.testng.SuiteRunner.privateRun(SuiteRunner.java:415)
at org.testng.SuiteRunner.run(SuiteRunner.java:364)
at org.testng.SuiteRunnerWorker.runSuite(SuiteRunnerWorker.java:52)
at org.testng.SuiteRunnerWorker.run(SuiteRunnerWorker.java:84)
at org.testng.TestNG.runSuitesSequentially(TestNG.java:1208)
at org.testng.TestNG.runSuitesLocally(TestNG.java:1137)
at org.testng.TestNG.runSuites(TestNG.java:1049)
at org.testng.TestNG.run(TestNG.java:1017)
at org.testng.remote.AbstractRemoteTestNG.run(AbstractRemoteTestNG.java:115)
at org.testng.remote.RemoteTestNG.initAndRun(RemoteTestNG.java:251)
at org.testng.remote.RemoteTestNG.main(RemoteTestNG.java:77)
]]>
    </failure>
  </testcase> <!-- testUploadAdditionalInfoPdf -->
</testsuite> <!-- com.maximus.qicportaltestautomation.qic_zz_tests.UploadAdditionalInfoFunctionalTests -->
